SPARKCL CGI START
<!--: spam
Content-Type: text/html

<body bgcolor="#f0f0f8"><font color="#f0f0f8" size="-5"> -->
<body bgcolor="#f0f0f8"><font color="#f0f0f8" size="-5"> --> -->
</font> </font> </font> </script> </object> </blockquote> </pre>
</table> </table> </table> </table> </table> </font> </font> </font><body bgcolor="#f0f0f8">
<table width="100%" cellspacing=0 cellpadding=2 border=0 summary="heading">
<tr bgcolor="#6622aa">
<td valign=bottom>&nbsp;<br>
<font color="#ffffff" face="helvetica, arial">&nbsp;<br><big><big><strong>&lt;type 'exceptions.KeyboardInterrupt'&gt;</strong></big></big></font></td
><td align=right valign=bottom
><font color="#ffffff" face="helvetica, arial">Python 2.7.6: /usr/bin/python<br>Sun Feb  1 23:23:36 2015</font></td></tr></table>
    
<p>A problem occurred in a Python script.  Here is the sequence of
function calls leading up to the error, in the order they occurred.</p>
<table width="100%" cellspacing=0 cellpadding=0 border=0>
<tr><td bgcolor="#d8bbff"><big>&nbsp;</big><a href="file:///home/job/spark-1.2.0/sparkcl/lib/network/master_cgiserver.py">/home/job/spark-1.2.0/sparkcl/lib/network/master_cgiserver.py</a> in <strong><module></strong>()</td></tr>
<tr><td><font color="#909090"><tt>&nbsp;&nbsp;<small>&nbsp;&nbsp;&nbsp;13</small>&nbsp;<br>
</tt></font></td></tr>
<tr><td><font color="#909090"><tt>&nbsp;&nbsp;<small>&nbsp;&nbsp;&nbsp;14</small>&nbsp;httpd&nbsp;=&nbsp;server(server_address,&nbsp;handler)<br>
</tt></font></td></tr>
<tr><td><font color="#909090"><tt>&nbsp;&nbsp;<small>&nbsp;&nbsp;&nbsp;15</small>&nbsp;<br>
</tt></font></td></tr>
<tr><td><font color="#909090"><tt>&nbsp;&nbsp;<small>&nbsp;&nbsp;&nbsp;16</small>&nbsp;print&nbsp;"SPARKCL&nbsp;CGI&nbsp;START"<br>
</tt></font></td></tr>
<tr><td bgcolor="#ffccee"><tt>=&gt;<small>&nbsp;&nbsp;&nbsp;17</small>&nbsp;httpd.serve_forever()<br>
</tt></td></tr>
<tr><td><small><font color="#909090"><strong>httpd</strong>&nbsp;= &lt;BaseHTTPServer.HTTPServer instance&gt;, httpd.<strong>serve_forever</strong>&nbsp;= &lt;bound method HTTPServer.serve_forever of &lt;BaseHTTPServer.HTTPServer instance&gt;&gt;</font></small></td></tr></table>
<table width="100%" cellspacing=0 cellpadding=0 border=0>
<tr><td bgcolor="#d8bbff"><big>&nbsp;</big><a href="file:///usr/lib/python2.7/SocketServer.py">/usr/lib/python2.7/SocketServer.py</a> in <strong>serve_forever</strong>(self=&lt;BaseHTTPServer.HTTPServer instance&gt;, poll_interval=0.5)</td></tr>
<tr><td><font color="#909090"><tt>&nbsp;&nbsp;<small>&nbsp;&nbsp;234</small>&nbsp;&nbsp;&nbsp;&nbsp;&nbsp;&nbsp;&nbsp;&nbsp;&nbsp;&nbsp;&nbsp;&nbsp;&nbsp;&nbsp;&nbsp;&nbsp;&nbsp;#&nbsp;shutdown&nbsp;request&nbsp;and&nbsp;wastes&nbsp;cpu&nbsp;at&nbsp;all&nbsp;other&nbsp;times.<br>
</tt></font></td></tr>
<tr><td><font color="#909090"><tt>&nbsp;&nbsp;<small>&nbsp;&nbsp;235</small>&nbsp;&nbsp;&nbsp;&nbsp;&nbsp;&nbsp;&nbsp;&nbsp;&nbsp;&nbsp;&nbsp;&nbsp;&nbsp;&nbsp;&nbsp;&nbsp;&nbsp;r,&nbsp;w,&nbsp;e&nbsp;=&nbsp;_eintr_retry(select.select,&nbsp;[self],&nbsp;[],&nbsp;[],<br>
</tt></font></td></tr>
<tr><td bgcolor="#ffccee"><tt>=&gt;<small>&nbsp;&nbsp;236</small>&nbsp;&nbsp;&nbsp;&nbsp;&nbsp;&nbsp;&nbsp;&nbsp;&nbsp;&nbsp;&nbsp;&nbsp;&nbsp;&nbsp;&nbsp;&nbsp;&nbsp;&nbsp;&nbsp;&nbsp;&nbsp;&nbsp;&nbsp;&nbsp;&nbsp;&nbsp;&nbsp;&nbsp;&nbsp;&nbsp;&nbsp;&nbsp;&nbsp;&nbsp;&nbsp;&nbsp;&nbsp;&nbsp;&nbsp;&nbsp;poll_interval)<br>
</tt></td></tr>
<tr><td><font color="#909090"><tt>&nbsp;&nbsp;<small>&nbsp;&nbsp;237</small>&nbsp;&nbsp;&nbsp;&nbsp;&nbsp;&nbsp;&nbsp;&nbsp;&nbsp;&nbsp;&nbsp;&nbsp;&nbsp;&nbsp;&nbsp;&nbsp;&nbsp;if&nbsp;self&nbsp;in&nbsp;r:<br>
</tt></font></td></tr>
<tr><td><font color="#909090"><tt>&nbsp;&nbsp;<small>&nbsp;&nbsp;238</small>&nbsp;&nbsp;&nbsp;&nbsp;&nbsp;&nbsp;&nbsp;&nbsp;&nbsp;&nbsp;&nbsp;&nbsp;&nbsp;&nbsp;&nbsp;&nbsp;&nbsp;&nbsp;&nbsp;&nbsp;&nbsp;self._handle_request_noblock()<br>
</tt></font></td></tr>
<tr><td><small><font color="#909090"><strong>poll_interval</strong>&nbsp;= 0.5</font></small></td></tr></table>
<table width="100%" cellspacing=0 cellpadding=0 border=0>
<tr><td bgcolor="#d8bbff"><big>&nbsp;</big><a href="file:///usr/lib/python2.7/SocketServer.py">/usr/lib/python2.7/SocketServer.py</a> in <strong>_eintr_retry</strong>(func=&lt;built-in function select&gt;, *args=([&lt;BaseHTTPServer.HTTPServer instance&gt;], [], [], 0.5))</td></tr>
<tr><td><font color="#909090"><tt>&nbsp;&nbsp;<small>&nbsp;&nbsp;153</small>&nbsp;&nbsp;&nbsp;&nbsp;&nbsp;while&nbsp;True:<br>
</tt></font></td></tr>
<tr><td><font color="#909090"><tt>&nbsp;&nbsp;<small>&nbsp;&nbsp;154</small>&nbsp;&nbsp;&nbsp;&nbsp;&nbsp;&nbsp;&nbsp;&nbsp;&nbsp;try:<br>
</tt></font></td></tr>
<tr><td bgcolor="#ffccee"><tt>=&gt;<small>&nbsp;&nbsp;155</small>&nbsp;&nbsp;&nbsp;&nbsp;&nbsp;&nbsp;&nbsp;&nbsp;&nbsp;&nbsp;&nbsp;&nbsp;&nbsp;return&nbsp;func(*args)<br>
</tt></td></tr>
<tr><td><font color="#909090"><tt>&nbsp;&nbsp;<small>&nbsp;&nbsp;156</small>&nbsp;&nbsp;&nbsp;&nbsp;&nbsp;&nbsp;&nbsp;&nbsp;&nbsp;except&nbsp;(OSError,&nbsp;select.error)&nbsp;as&nbsp;e:<br>
</tt></font></td></tr>
<tr><td><font color="#909090"><tt>&nbsp;&nbsp;<small>&nbsp;&nbsp;157</small>&nbsp;&nbsp;&nbsp;&nbsp;&nbsp;&nbsp;&nbsp;&nbsp;&nbsp;&nbsp;&nbsp;&nbsp;&nbsp;if&nbsp;e.args[0]&nbsp;!=&nbsp;errno.EINTR:<br>
</tt></font></td></tr>
<tr><td><small><font color="#909090"><strong>func</strong>&nbsp;= &lt;built-in function select&gt;, <strong>args</strong>&nbsp;= ([&lt;BaseHTTPServer.HTTPServer instance&gt;], [], [], 0.5)</font></small></td></tr></table><p><strong>&lt;type 'exceptions.KeyboardInterrupt'&gt;</strong>: 
<br><tt><small>&nbsp;&nbsp;&nbsp;&nbsp;&nbsp;</small>&nbsp;</tt>args&nbsp;=
()
<br><tt><small>&nbsp;&nbsp;&nbsp;&nbsp;&nbsp;</small>&nbsp;</tt>message&nbsp;=
''


<!-- The above is a description of an error in a Python program, formatted
     for a Web browser because the 'cgitb' module was enabled.  In case you
     are not reading this in a Web browser, here is the original traceback:

Traceback (most recent call last):
  File "/home/job/spark-1.2.0/sparkcl/lib/network/master_cgiserver.py", line 17, in &lt;module&gt;
    httpd.serve_forever()
  File "/usr/lib/python2.7/SocketServer.py", line 236, in serve_forever
    poll_interval)
  File "/usr/lib/python2.7/SocketServer.py", line 155, in _eintr_retry
    return func(*args)
KeyboardInterrupt

-->

127.0.0.1 - - [01/Feb/2015 23:24:06] code 403, message CGI script is not a plain file ('//')
127.0.0.1 - - [01/Feb/2015 23:24:06] "GET / HTTP/1.1" 403 -
127.0.0.1 - - [01/Feb/2015 23:24:06] code 404, message No such CGI script ('//favicon.ico')
127.0.0.1 - - [01/Feb/2015 23:24:06] "GET /favicon.ico HTTP/1.1" 404 -
127.0.0.1 - - [01/Feb/2015 23:24:06] code 404, message No such CGI script ('//favicon.ico')
127.0.0.1 - - [01/Feb/2015 23:24:06] "GET /favicon.ico HTTP/1.1" 404 -
SPARKCL CGI START
<!--: spam
Content-Type: text/html

<body bgcolor="#f0f0f8"><font color="#f0f0f8" size="-5"> -->
<body bgcolor="#f0f0f8"><font color="#f0f0f8" size="-5"> --> -->
</font> </font> </font> </script> </object> </blockquote> </pre>
</table> </table> </table> </table> </table> </font> </font> </font><body bgcolor="#f0f0f8">
<table width="100%" cellspacing=0 cellpadding=2 border=0 summary="heading">
<tr bgcolor="#6622aa">
<td valign=bottom>&nbsp;<br>
<font color="#ffffff" face="helvetica, arial">&nbsp;<br><big><big><strong>&lt;type 'exceptions.KeyboardInterrupt'&gt;</strong></big></big></font></td
><td align=right valign=bottom
><font color="#ffffff" face="helvetica, arial">Python 2.7.6: /usr/bin/python<br>Sun Feb  1 23:24:58 2015</font></td></tr></table>
    
<p>A problem occurred in a Python script.  Here is the sequence of
function calls leading up to the error, in the order they occurred.</p>
<table width="100%" cellspacing=0 cellpadding=0 border=0>
<tr><td bgcolor="#d8bbff"><big>&nbsp;</big><a href="file:///home/job/spark-1.2.0/sparkcl/lib/network/master_cgiserver.py">/home/job/spark-1.2.0/sparkcl/lib/network/master_cgiserver.py</a> in <strong><module></strong>()</td></tr>
<tr><td><font color="#909090"><tt>&nbsp;&nbsp;<small>&nbsp;&nbsp;&nbsp;13</small>&nbsp;<br>
</tt></font></td></tr>
<tr><td><font color="#909090"><tt>&nbsp;&nbsp;<small>&nbsp;&nbsp;&nbsp;14</small>&nbsp;httpd&nbsp;=&nbsp;server(server_address,&nbsp;handler)<br>
</tt></font></td></tr>
<tr><td><font color="#909090"><tt>&nbsp;&nbsp;<small>&nbsp;&nbsp;&nbsp;15</small>&nbsp;<br>
</tt></font></td></tr>
<tr><td><font color="#909090"><tt>&nbsp;&nbsp;<small>&nbsp;&nbsp;&nbsp;16</small>&nbsp;print&nbsp;"SPARKCL&nbsp;CGI&nbsp;START"<br>
</tt></font></td></tr>
<tr><td bgcolor="#ffccee"><tt>=&gt;<small>&nbsp;&nbsp;&nbsp;17</small>&nbsp;httpd.serve_forever()<br>
</tt></td></tr>
<tr><td><small><font color="#909090"><strong>httpd</strong>&nbsp;= &lt;BaseHTTPServer.HTTPServer instance&gt;, httpd.<strong>serve_forever</strong>&nbsp;= &lt;bound method HTTPServer.serve_forever of &lt;BaseHTTPServer.HTTPServer instance&gt;&gt;</font></small></td></tr></table>
<table width="100%" cellspacing=0 cellpadding=0 border=0>
<tr><td bgcolor="#d8bbff"><big>&nbsp;</big><a href="file:///usr/lib/python2.7/SocketServer.py">/usr/lib/python2.7/SocketServer.py</a> in <strong>serve_forever</strong>(self=&lt;BaseHTTPServer.HTTPServer instance&gt;, poll_interval=0.5)</td></tr>
<tr><td><font color="#909090"><tt>&nbsp;&nbsp;<small>&nbsp;&nbsp;234</small>&nbsp;&nbsp;&nbsp;&nbsp;&nbsp;&nbsp;&nbsp;&nbsp;&nbsp;&nbsp;&nbsp;&nbsp;&nbsp;&nbsp;&nbsp;&nbsp;&nbsp;#&nbsp;shutdown&nbsp;request&nbsp;and&nbsp;wastes&nbsp;cpu&nbsp;at&nbsp;all&nbsp;other&nbsp;times.<br>
</tt></font></td></tr>
<tr><td><font color="#909090"><tt>&nbsp;&nbsp;<small>&nbsp;&nbsp;235</small>&nbsp;&nbsp;&nbsp;&nbsp;&nbsp;&nbsp;&nbsp;&nbsp;&nbsp;&nbsp;&nbsp;&nbsp;&nbsp;&nbsp;&nbsp;&nbsp;&nbsp;r,&nbsp;w,&nbsp;e&nbsp;=&nbsp;_eintr_retry(select.select,&nbsp;[self],&nbsp;[],&nbsp;[],<br>
</tt></font></td></tr>
<tr><td bgcolor="#ffccee"><tt>=&gt;<small>&nbsp;&nbsp;236</small>&nbsp;&nbsp;&nbsp;&nbsp;&nbsp;&nbsp;&nbsp;&nbsp;&nbsp;&nbsp;&nbsp;&nbsp;&nbsp;&nbsp;&nbsp;&nbsp;&nbsp;&nbsp;&nbsp;&nbsp;&nbsp;&nbsp;&nbsp;&nbsp;&nbsp;&nbsp;&nbsp;&nbsp;&nbsp;&nbsp;&nbsp;&nbsp;&nbsp;&nbsp;&nbsp;&nbsp;&nbsp;&nbsp;&nbsp;&nbsp;poll_interval)<br>
</tt></td></tr>
<tr><td><font color="#909090"><tt>&nbsp;&nbsp;<small>&nbsp;&nbsp;237</small>&nbsp;&nbsp;&nbsp;&nbsp;&nbsp;&nbsp;&nbsp;&nbsp;&nbsp;&nbsp;&nbsp;&nbsp;&nbsp;&nbsp;&nbsp;&nbsp;&nbsp;if&nbsp;self&nbsp;in&nbsp;r:<br>
</tt></font></td></tr>
<tr><td><font color="#909090"><tt>&nbsp;&nbsp;<small>&nbsp;&nbsp;238</small>&nbsp;&nbsp;&nbsp;&nbsp;&nbsp;&nbsp;&nbsp;&nbsp;&nbsp;&nbsp;&nbsp;&nbsp;&nbsp;&nbsp;&nbsp;&nbsp;&nbsp;&nbsp;&nbsp;&nbsp;&nbsp;self._handle_request_noblock()<br>
</tt></font></td></tr>
<tr><td><small><font color="#909090"><strong>poll_interval</strong>&nbsp;= 0.5</font></small></td></tr></table>
<table width="100%" cellspacing=0 cellpadding=0 border=0>
<tr><td bgcolor="#d8bbff"><big>&nbsp;</big><a href="file:///usr/lib/python2.7/SocketServer.py">/usr/lib/python2.7/SocketServer.py</a> in <strong>_eintr_retry</strong>(func=&lt;built-in function select&gt;, *args=([&lt;BaseHTTPServer.HTTPServer instance&gt;], [], [], 0.5))</td></tr>
<tr><td><font color="#909090"><tt>&nbsp;&nbsp;<small>&nbsp;&nbsp;153</small>&nbsp;&nbsp;&nbsp;&nbsp;&nbsp;while&nbsp;True:<br>
</tt></font></td></tr>
<tr><td><font color="#909090"><tt>&nbsp;&nbsp;<small>&nbsp;&nbsp;154</small>&nbsp;&nbsp;&nbsp;&nbsp;&nbsp;&nbsp;&nbsp;&nbsp;&nbsp;try:<br>
</tt></font></td></tr>
<tr><td bgcolor="#ffccee"><tt>=&gt;<small>&nbsp;&nbsp;155</small>&nbsp;&nbsp;&nbsp;&nbsp;&nbsp;&nbsp;&nbsp;&nbsp;&nbsp;&nbsp;&nbsp;&nbsp;&nbsp;return&nbsp;func(*args)<br>
</tt></td></tr>
<tr><td><font color="#909090"><tt>&nbsp;&nbsp;<small>&nbsp;&nbsp;156</small>&nbsp;&nbsp;&nbsp;&nbsp;&nbsp;&nbsp;&nbsp;&nbsp;&nbsp;except&nbsp;(OSError,&nbsp;select.error)&nbsp;as&nbsp;e:<br>
</tt></font></td></tr>
<tr><td><font color="#909090"><tt>&nbsp;&nbsp;<small>&nbsp;&nbsp;157</small>&nbsp;&nbsp;&nbsp;&nbsp;&nbsp;&nbsp;&nbsp;&nbsp;&nbsp;&nbsp;&nbsp;&nbsp;&nbsp;if&nbsp;e.args[0]&nbsp;!=&nbsp;errno.EINTR:<br>
</tt></font></td></tr>
<tr><td><small><font color="#909090"><strong>func</strong>&nbsp;= &lt;built-in function select&gt;, <strong>args</strong>&nbsp;= ([&lt;BaseHTTPServer.HTTPServer instance&gt;], [], [], 0.5)</font></small></td></tr></table><p><strong>&lt;type 'exceptions.KeyboardInterrupt'&gt;</strong>: 
<br><tt><small>&nbsp;&nbsp;&nbsp;&nbsp;&nbsp;</small>&nbsp;</tt>args&nbsp;=
()
<br><tt><small>&nbsp;&nbsp;&nbsp;&nbsp;&nbsp;</small>&nbsp;</tt>message&nbsp;=
''


<!-- The above is a description of an error in a Python program, formatted
     for a Web browser because the 'cgitb' module was enabled.  In case you
     are not reading this in a Web browser, here is the original traceback:

Traceback (most recent call last):
  File "/home/job/spark-1.2.0/sparkcl/lib/network/master_cgiserver.py", line 17, in &lt;module&gt;
    httpd.serve_forever()
  File "/usr/lib/python2.7/SocketServer.py", line 236, in serve_forever
    poll_interval)
  File "/usr/lib/python2.7/SocketServer.py", line 155, in _eintr_retry
    return func(*args)
KeyboardInterrupt

-->

